<?xml version="1.0" encoding="UTF-8"?>
<testng-results total="1" passed="1" failed="0" skipped="0">
  <reporter-output>
  </reporter-output>
  <suite started-at="2025-06-02T22:25:17Z" name="Suite" finished-at="2025-06-02T22:25:21Z" duration-ms="4251">
    <groups>
    </groups>
    <test started-at="2025-06-02T22:25:17Z" name="Test" finished-at="2025-06-02T22:25:21Z" duration-ms="4251">
      <class name="com.todos.tests.AddTodoTest">
        <test-method is-config="true" signature="setupTest(java.lang.String)[pri:0, instance:com.todos.tests.AddTodoTest@75699e35]" started-at="2025-06-02T23:25:17Z" name="setupTest" finished-at="2025-06-02T23:25:20Z" duration-ms="3682" status="PASS">
          <params>
            <param index="0">
              <value>
                <![CDATA[chrome]]>
              </value>
            </param>
          </params>
          <reporter-output>
          </reporter-output>
        </test-method> <!-- setupTest -->
        <test-method signature="ICanAddTodo()[pri:0, instance:com.todos.tests.AddTodoTest@75699e35]" started-at="2025-06-02T23:25:20Z" name="ICanAddTodo" finished-at="2025-06-02T23:25:21Z" duration-ms="535" status="PASS">
          <reporter-output>
          </reporter-output>
        </test-method> <!-- ICanAddTodo -->
        <test-method is-config="true" signature="cleanTest()[pri:0, instance:com.todos.tests.AddTodoTest@75699e35]" started-at="2025-06-02T23:25:21Z" name="cleanTest" finished-at="2025-06-02T23:25:21Z" duration-ms="2" status="PASS">
          <reporter-output>
          </reporter-output>
        </test-method> <!-- cleanTest -->
      </class> <!-- com.todos.tests.AddTodoTest -->
    </test> <!-- Test -->
  </suite> <!-- Suite -->
</testng-results>
